<?xml version="1.0" encoding="UTF-8"?>
<testsuite xmlns:xsi="http://www.w3.org/2001/XMLSchema-instance" xsi:schemaLocation="https://maven.apache.org/surefire/maven-surefire-plugin/xsd/surefire-test-report.xsd" name="runnerPackage.runnerClass" time="10.692" tests="4" errors="0" skipped="0" failures="0">
  <properties>
[...]
</properties>
  <testcase name="And I enter &quot;admin&quot; and &quot;admin&quot;" classname="| name1 | 5 | success | admin | admin |" time="0.002"/>
  <testcase name="| name1 | 5 | success | admin | admin |" classname="| name1 | 5 | success | admin | admin |" time="0.003"/>
  <testcase name="And I enter &quot;admin&quot; and &quot;admin123&quot;" classname="| name2 | 7 | Fail | admin | admin123 |" time="0"/>
  <testcase name="| name2 | 7 | Fail | admin | admin123 |" classname="| name2 | 7 | Fail | admin | admin123 |" time="0"/>
</testsuite>