<?xml version="1.0" encoding="UTF-8"?>
<testng-results skipped="0" failed="0" ignored="0" total="1" passed="1">
  <reporter-output>
  </reporter-output>
  <suite name="Default suite" duration-ms="60" started-at="2018-12-17T21:27:39Z" finished-at="2018-12-17T21:27:40Z">
    <groups>
    </groups>
    <test name="Default test" duration-ms="60" started-at="2018-12-17T21:27:39Z" finished-at="2018-12-17T21:27:40Z">
      <class name="com.run.firstRun">
        <test-method status="PASS" signature="hello()[pri:0, instance:com.run.firstRun@1810399e]" name="hello" duration-ms="18" started-at="2018-12-17T21:27:39Z" finished-at="2018-12-17T21:27:40Z">
          <reporter-output>
          </reporter-output>
        </test-method> <!-- hello -->
      </class> <!-- com.run.firstRun -->
    </test> <!-- Default test -->
  </suite> <!-- Default suite -->
</testng-results>
